-------------------------------------------------------------------------------
Test set: com.nomolestar.notificationservice.e2e.NotificationE2ETest
-------------------------------------------------------------------------------
Tests run: 4, Failures: 4, Errors: 0, Skipped: 0, Time elapsed: 2.960 s <<< FAILURE! -- in com.nomolestar.notificationservice.e2e.NotificationE2ETest
com.nomolestar.notificationservice.e2e.NotificationE2ETest.markAsRead_notFound_returns404 -- Time elapsed: 0.174 s <<< FAILURE!
org.opentest4j.AssertionFailedError: 

expected: 404 NOT_FOUND
 but was: 401 UNAUTHORIZED
	at java.base/jdk.internal.reflect.DirectConstructorHandleAccessor.newInstance(DirectConstructorHandleAccessor.java:62)
	at java.base/java.lang.reflect.Constructor.newInstanceWithCaller(Constructor.java:502)
	at com.nomolestar.notificationservice.e2e.NotificationE2ETest.markAsRead_notFound_returns404(NotificationE2ETest.java:120)
	at java.base/java.lang.reflect.Method.invoke(Method.java:580)
	at java.base/java.util.ArrayList.forEach(ArrayList.java:1596)
	at java.base/java.util.ArrayList.forEach(ArrayList.java:1596)

com.nomolestar.notificationservice.e2e.NotificationE2ETest.getUnread_returnsOnlyUnread -- Time elapsed: 0.047 s <<< FAILURE!
org.opentest4j.AssertionFailedError: 

expected: 200 OK
 but was: 401 UNAUTHORIZED
	at java.base/jdk.internal.reflect.DirectConstructorHandleAccessor.newInstance(DirectConstructorHandleAccessor.java:62)
	at java.base/java.lang.reflect.Constructor.newInstanceWithCaller(Constructor.java:502)
	at com.nomolestar.notificationservice.e2e.NotificationE2ETest.getUnread_returnsOnlyUnread(NotificationE2ETest.java:87)
	at java.base/java.lang.reflect.Method.invoke(Method.java:580)
	at java.base/java.util.ArrayList.forEach(ArrayList.java:1596)
	at java.base/java.util.ArrayList.forEach(ArrayList.java:1596)

com.nomolestar.notificationservice.e2e.NotificationE2ETest.markAsRead_updatesNotification -- Time elapsed: 0.030 s <<< FAILURE!
org.opentest4j.AssertionFailedError: 

expected: 200 OK
 but was: 401 UNAUTHORIZED
	at java.base/jdk.internal.reflect.DirectConstructorHandleAccessor.newInstance(DirectConstructorHandleAccessor.java:62)
	at java.base/java.lang.reflect.Constructor.newInstanceWithCaller(Constructor.java:502)
	at com.nomolestar.notificationservice.e2e.NotificationE2ETest.markAsRead_updatesNotification(NotificationE2ETest.java:108)
	at java.base/java.lang.reflect.Method.invoke(Method.java:580)
	at java.base/java.util.ArrayList.forEach(ArrayList.java:1596)
	at java.base/java.util.ArrayList.forEach(ArrayList.java:1596)

com.nomolestar.notificationservice.e2e.NotificationE2ETest.getAll_empty_returns200 -- Time elapsed: 0.010 s <<< FAILURE!
org.opentest4j.AssertionFailedError: 

expected: 200 OK
 but was: 401 UNAUTHORIZED
	at java.base/jdk.internal.reflect.DirectConstructorHandleAccessor.newInstance(DirectConstructorHandleAccessor.java:62)
	at java.base/java.lang.reflect.Constructor.newInstanceWithCaller(Constructor.java:502)
	at com.nomolestar.notificationservice.e2e.NotificationE2ETest.getAll_empty_returns200(NotificationE2ETest.java:61)
	at java.base/java.lang.reflect.Method.invoke(Method.java:580)
	at java.base/java.util.ArrayList.forEach(ArrayList.java:1596)
	at java.base/java.util.ArrayList.forEach(ArrayList.java:1596)

